<?xml version="1.0" encoding="UTF-8"?>
<!-- Generated by org.testng.reporters.JUnitXMLReporter -->
<testsuite ignored="2" hostname="LAPTOP-C7UG29DH" failures="0" tests="6" name="Test-Runner2" time="0.118" errors="0" timestamp="2023-11-22T10:57:05 IST">
  <testcase classname="com.bixi.GenericUtilitls.BaseClass_Sample" name="@BeforeClass config_BC" time="-1.700630825566E9">
    <failure type="org.testng.TestNGException" message="
Parameter &amp;apos;BROWSER&amp;apos; is required by BeforeClass on method config_BC but has not been marked @Optional or defined
in C:\Users\shekh\eclipse-workspace\com.banking.bixi\parallel.xml">
      <![CDATA[org.testng.TestNGException: 
Parameter 'BROWSER' is required by BeforeClass on method config_BC but has not been marked @Optional or defined
in C:\Users\shekh\eclipse-workspace\com.banking.bixi\parallel.xml
at java.base/java.util.ArrayList.forEach(ArrayList.java:1511)
at java.base/java.util.concurrent.FutureTask.run(FutureTask.java:264)
at java.base/java.util.concurrent.ThreadPoolExecutor.runWorker(ThreadPoolExecutor.java:1136)
at java.base/java.util.concurrent.ThreadPoolExecutor$Worker.run(ThreadPoolExecutor.java:635)
at java.base/java.lang.Thread.run(Thread.java:833)
... Removed 12 stack frames]]>
    </failure>
  </testcase> <!-- @BeforeClass config_BC -->
  <testcase classname="com.bixi.GenericUtilitls.BaseClass_Sample" name="@BeforeMethod config_BM" time="0.0">
    <skipped/>
  </testcase> <!-- @BeforeMethod config_BM -->
  <testcase classname="com.bixi.GenericUtilitls.BaseClass_Sample" name="@AfterMethod config_AM" time="0.0">
    <skipped/>
  </testcase> <!-- @AfterMethod config_AM -->
  <testcase classname="com.bixi.GenericUtilitls.BaseClass_Sample" name="@BeforeMethod config_BM" time="0.0">
    <skipped/>
  </testcase> <!-- @BeforeMethod config_BM -->
  <testcase classname="com.bixi.GenericUtilitls.BaseClass_Sample" name="@AfterMethod config_AM" time="0.0">
    <skipped/>
  </testcase> <!-- @AfterMethod config_AM -->
  <testcase classname="com.bixi.GenericUtilitls.BaseClass_Sample" name="@BeforeMethod config_BM" time="0.0">
    <skipped/>
  </testcase> <!-- @BeforeMethod config_BM -->
  <testcase classname="com.bixi.GenericUtilitls.BaseClass_Sample" name="@AfterMethod config_AM" time="0.0">
    <skipped/>
  </testcase> <!-- @AfterMethod config_AM -->
  <testcase classname="com.bixi.GenericUtilitls.BaseClass_Sample" name="@AfterClass config_AC" time="0.0">
    <skipped/>
  </testcase> <!-- @AfterClass config_AC -->
  <testcase classname="com.bixi.GenericUtilitls.BaseClass_Sample" name="@BeforeClass config_BC" time="-1.700630825634E9">
    <failure type="org.testng.TestNGException" message="
Parameter &amp;apos;BROWSER&amp;apos; is required by BeforeClass on method config_BC but has not been marked @Optional or defined
in C:\Users\shekh\eclipse-workspace\com.banking.bixi\parallel.xml">
      <![CDATA[org.testng.TestNGException: 
Parameter 'BROWSER' is required by BeforeClass on method config_BC but has not been marked @Optional or defined
in C:\Users\shekh\eclipse-workspace\com.banking.bixi\parallel.xml
at java.base/java.util.ArrayList.forEach(ArrayList.java:1511)
at java.base/java.util.concurrent.FutureTask.run(FutureTask.java:264)
at java.base/java.util.concurrent.ThreadPoolExecutor.runWorker(ThreadPoolExecutor.java:1136)
at java.base/java.util.concurrent.ThreadPoolExecutor$Worker.run(ThreadPoolExecutor.java:635)
at java.base/java.lang.Thread.run(Thread.java:833)
... Removed 12 stack frames]]>
    </failure>
  </testcase> <!-- @BeforeClass config_BC -->
  <testcase classname="com.bixi.GenericUtilitls.BaseClass_Sample" name="@BeforeMethod config_BM" time="0.0">
    <skipped/>
  </testcase> <!-- @BeforeMethod config_BM -->
  <testcase classname="com.bixi.GenericUtilitls.BaseClass_Sample" name="@AfterMethod config_AM" time="0.0">
    <skipped/>
  </testcase> <!-- @AfterMethod config_AM -->
  <testcase classname="com.bixi.GenericUtilitls.BaseClass_Sample" name="@BeforeMethod config_BM" time="0.0">
    <skipped/>
  </testcase> <!-- @BeforeMethod config_BM -->
  <testcase classname="com.bixi.GenericUtilitls.BaseClass_Sample" name="@AfterMethod config_AM" time="0.0">
    <skipped/>
  </testcase> <!-- @AfterMethod config_AM -->
  <testcase classname="com.bixi.GenericUtilitls.BaseClass_Sample" name="@BeforeMethod config_BM" time="0.0">
    <skipped/>
  </testcase> <!-- @BeforeMethod config_BM -->
  <testcase classname="com.bixi.GenericUtilitls.BaseClass_Sample" name="@AfterMethod config_AM" time="0.0">
    <skipped/>
  </testcase> <!-- @AfterMethod config_AM -->
  <testcase classname="com.bixi.GenericUtilitls.BaseClass_Sample" name="@AfterClass config_AC" time="0.0">
    <skipped/>
  </testcase> <!-- @AfterClass config_AC -->
  <testcase classname="com.bixi.GenericUtilitls.BaseClass_Sample" name="staffLogin" time="0.0">
    <skipped/>
  </testcase> <!-- staffLogin -->
  <testcase classname="practiceTestNG.Demo" name="m1" time="0.0">
    <skipped/>
  </testcase> <!-- m1 -->
  <testcase classname="practiceTestNG.Demo" name="n1" time="0.0">
    <skipped/>
  </testcase> <!-- n1 -->
  <testcase classname="com.bixi.GenericUtilitls.BaseClass_Sample" name="staffLogin" time="0.0">
    <skipped/>
  </testcase> <!-- staffLogin -->
  <testcase classname="practiceTestNG.Sample" name="s1" time="0.0">
    <skipped/>
  </testcase> <!-- s1 -->
  <testcase classname="practiceTestNG.Sample" name="s2" time="0.0">
    <skipped/>
  </testcase> <!-- s2 -->
  <testcase classname="com.bixi.GenericUtilitls.BaseClass_Sample" name="@AfterSuite config_AS" time="0.0">
    <ignored/>
  </testcase> <!-- @AfterSuite config_AS -->
  <testcase classname="com.bixi.GenericUtilitls.BaseClass_Sample" name="@BeforeSuite config_BS" time="0.0">
    <ignored/>
  </testcase> <!-- @BeforeSuite config_BS -->
</testsuite> <!-- Test-Runner2 -->
