<?xml version="1.0" encoding="UTF-8"?>
<!-- Generated by org.testng.reporters.JUnitXMLReporter -->
<testsuite ignored="2" hostname="LAPTOP-C7UG29DH" failures="0" tests="6" name="Test-Runner=2" time="12.721" errors="0" timestamp="2023-11-22T11:00:58 IST">
  <testcase classname="com.bixi.GenericUtilitls.BaseClass_Sample" name="@BeforeMethod config_BM" time="2.313">
    <failure type="org.openqa.selenium.WebDriverException" message="Reached error page: about:neterror?e=dnsNotFound&amp;amp;u=http%3A//rmgtestingserver/domain/Online_Banking_System/&amp;amp;c=UTF-8&amp;amp;d=We%20can%E2%80%99t%20connect%20to%20the%20server%20at%20rmgtestingserver.
Build info: version: &amp;apos;4.11.0&amp;apos;, revision: &amp;apos;040bc5406b&amp;apos;
System info: os.name: &amp;apos;Windows 11&amp;apos;, os.arch: &amp;apos;amd64&amp;apos;, os.version: &amp;apos;10.0&amp;apos;, java.version: &amp;apos;17.0.4&amp;apos;
Driver info: org.openqa.selenium.firefox.FirefoxDriver
Command: [5bba5cb9-6c14-48d4-9d26-654cb9df43c1, get {url=http://rmgtestingserver/domain/Online_Banking_System/}]
Capabilities {acceptInsecureCerts: true, browserName: firefox, browserVersion: 120.0, moz:accessibilityChecks: false, moz:buildID: 20231116134553, moz:debuggerAddress: 127.0.0.1:12515, moz:geckodriverVersion: 0.33.0, moz:headless: false, moz:platformVersion: 10.0, moz:processID: 22752, moz:profile: C:\Users\shekh\AppData\Loca..., moz:shutdownTimeout: 60000, moz:webdriverClick: true, moz:windowless: false, pageLoadStrategy: normal, platformName: windows, proxy: Proxy(), se:cdp: ws://127.0.0.1:12515/devtoo..., se:cdpVersion: 85.0, setWindowRect: true, strictFileInteractability: false, timeouts: {implicit: 0, pageLoad: 300000, script: 30000}, unhandledPromptBehavior: dismiss and notify}
Session ID: 5bba5cb9-6c14-48d4-9d26-654cb9df43c1">
      <![CDATA[org.openqa.selenium.WebDriverException: Reached error page: about:neterror?e=dnsNotFound&u=http%3A//rmgtestingserver/domain/Online_Banking_System/&c=UTF-8&d=We%20can%E2%80%99t%20connect%20to%20the%20server%20at%20rmgtestingserver.
Build info: version: '4.11.0', revision: '040bc5406b'
System info: os.name: 'Windows 11', os.arch: 'amd64', os.version: '10.0', java.version: '17.0.4'
Driver info: org.openqa.selenium.firefox.FirefoxDriver
Command: [5bba5cb9-6c14-48d4-9d26-654cb9df43c1, get {url=http://rmgtestingserver/domain/Online_Banking_System/}]
Capabilities {acceptInsecureCerts: true, browserName: firefox, browserVersion: 120.0, moz:accessibilityChecks: false, moz:buildID: 20231116134553, moz:debuggerAddress: 127.0.0.1:12515, moz:geckodriverVersion: 0.33.0, moz:headless: false, moz:platformVersion: 10.0, moz:processID: 22752, moz:profile: C:\Users\shekh\AppData\Loca..., moz:shutdownTimeout: 60000, moz:webdriverClick: true, moz:windowless: false, pageLoadStrategy: normal, platformName: windows, proxy: Proxy(), se:cdp: ws://127.0.0.1:12515/devtoo..., se:cdpVersion: 85.0, setWindowRect: true, strictFileInteractability: false, timeouts: {implicit: 0, pageLoad: 300000, script: 30000}, unhandledPromptBehavior: dismiss and notify}
Session ID: 5bba5cb9-6c14-48d4-9d26-654cb9df43c1
at org.openqa.selenium.remote.codec.w3c.W3CHttpResponseCodec.createException(W3CHttpResponseCodec.java:200)
at org.openqa.selenium.remote.codec.w3c.W3CHttpResponseCodec.decode(W3CHttpResponseCodec.java:133)
at org.openqa.selenium.remote.codec.w3c.W3CHttpResponseCodec.decode(W3CHttpResponseCodec.java:52)
at org.openqa.selenium.remote.HttpCommandExecutor.execute(HttpCommandExecutor.java:191)
at org.openqa.selenium.remote.service.DriverCommandExecutor.invokeExecute(DriverCommandExecutor.java:196)
at org.openqa.selenium.remote.service.DriverCommandExecutor.execute(DriverCommandExecutor.java:171)
at org.openqa.selenium.remote.RemoteWebDriver.execute(RemoteWebDriver.java:518)
at org.openqa.selenium.remote.RemoteWebDriver.get(RemoteWebDriver.java:300)
at com.bixi.GenericUtilitls.BaseClass_Sample.config_BM(BaseClass_Sample.java:66)
at java.base/java.util.ArrayList.forEach(ArrayList.java:1511)
at java.base/java.util.concurrent.FutureTask.run(FutureTask.java:264)
at java.base/java.util.concurrent.ThreadPoolExecutor.runWorker(ThreadPoolExecutor.java:1136)
at java.base/java.util.concurrent.ThreadPoolExecutor$Worker.run(ThreadPoolExecutor.java:635)
at java.base/java.lang.Thread.run(Thread.java:833)
... Removed 26 stack frames]]>
    </failure>
  </testcase> <!-- @BeforeMethod config_BM -->
  <testcase classname="com.bixi.GenericUtilitls.BaseClass_Sample" name="@AfterMethod config_AM" time="0.0">
    <skipped/>
  </testcase> <!-- @AfterMethod config_AM -->
  <testcase classname="com.bixi.GenericUtilitls.BaseClass_Sample" name="@BeforeMethod config_BM" time="0.0">
    <skipped/>
  </testcase> <!-- @BeforeMethod config_BM -->
  <testcase classname="com.bixi.GenericUtilitls.BaseClass_Sample" name="@AfterMethod config_AM" time="0.0">
    <skipped/>
  </testcase> <!-- @AfterMethod config_AM -->
  <testcase classname="com.bixi.GenericUtilitls.BaseClass_Sample" name="@BeforeMethod config_BM" time="0.0">
    <skipped/>
  </testcase> <!-- @BeforeMethod config_BM -->
  <testcase classname="com.bixi.GenericUtilitls.BaseClass_Sample" name="@AfterMethod config_AM" time="0.0">
    <skipped/>
  </testcase> <!-- @AfterMethod config_AM -->
  <testcase classname="com.bixi.GenericUtilitls.BaseClass_Sample" name="@AfterClass config_AC" time="0.0">
    <skipped/>
  </testcase> <!-- @AfterClass config_AC -->
  <testcase classname="com.bixi.GenericUtilitls.BaseClass_Sample" name="@BeforeMethod config_BM" time="2.171">
    <failure type="org.openqa.selenium.WebDriverException" message="Reached error page: about:neterror?e=dnsNotFound&amp;amp;u=http%3A//rmgtestingserver/domain/Online_Banking_System/&amp;amp;c=UTF-8&amp;amp;d=We%20can%E2%80%99t%20connect%20to%20the%20server%20at%20rmgtestingserver.
Build info: version: &amp;apos;4.11.0&amp;apos;, revision: &amp;apos;040bc5406b&amp;apos;
System info: os.name: &amp;apos;Windows 11&amp;apos;, os.arch: &amp;apos;amd64&amp;apos;, os.version: &amp;apos;10.0&amp;apos;, java.version: &amp;apos;17.0.4&amp;apos;
Driver info: org.openqa.selenium.firefox.FirefoxDriver
Command: [1dfb0627-4e37-4457-bdfa-3f1f5dc7a4de, get {url=http://rmgtestingserver/domain/Online_Banking_System/}]
Capabilities {acceptInsecureCerts: true, browserName: firefox, browserVersion: 120.0, moz:accessibilityChecks: false, moz:buildID: 20231116134553, moz:debuggerAddress: 127.0.0.1:49028, moz:geckodriverVersion: 0.33.0, moz:headless: false, moz:platformVersion: 10.0, moz:processID: 24424, moz:profile: C:\Users\shekh\AppData\Loca..., moz:shutdownTimeout: 60000, moz:webdriverClick: true, moz:windowless: false, pageLoadStrategy: normal, platformName: windows, proxy: Proxy(), se:cdp: ws://127.0.0.1:49028/devtoo..., se:cdpVersion: 85.0, setWindowRect: true, strictFileInteractability: false, timeouts: {implicit: 0, pageLoad: 300000, script: 30000}, unhandledPromptBehavior: dismiss and notify}
Session ID: 1dfb0627-4e37-4457-bdfa-3f1f5dc7a4de">
      <![CDATA[org.openqa.selenium.WebDriverException: Reached error page: about:neterror?e=dnsNotFound&u=http%3A//rmgtestingserver/domain/Online_Banking_System/&c=UTF-8&d=We%20can%E2%80%99t%20connect%20to%20the%20server%20at%20rmgtestingserver.
Build info: version: '4.11.0', revision: '040bc5406b'
System info: os.name: 'Windows 11', os.arch: 'amd64', os.version: '10.0', java.version: '17.0.4'
Driver info: org.openqa.selenium.firefox.FirefoxDriver
Command: [1dfb0627-4e37-4457-bdfa-3f1f5dc7a4de, get {url=http://rmgtestingserver/domain/Online_Banking_System/}]
Capabilities {acceptInsecureCerts: true, browserName: firefox, browserVersion: 120.0, moz:accessibilityChecks: false, moz:buildID: 20231116134553, moz:debuggerAddress: 127.0.0.1:49028, moz:geckodriverVersion: 0.33.0, moz:headless: false, moz:platformVersion: 10.0, moz:processID: 24424, moz:profile: C:\Users\shekh\AppData\Loca..., moz:shutdownTimeout: 60000, moz:webdriverClick: true, moz:windowless: false, pageLoadStrategy: normal, platformName: windows, proxy: Proxy(), se:cdp: ws://127.0.0.1:49028/devtoo..., se:cdpVersion: 85.0, setWindowRect: true, strictFileInteractability: false, timeouts: {implicit: 0, pageLoad: 300000, script: 30000}, unhandledPromptBehavior: dismiss and notify}
Session ID: 1dfb0627-4e37-4457-bdfa-3f1f5dc7a4de
at org.openqa.selenium.remote.codec.w3c.W3CHttpResponseCodec.createException(W3CHttpResponseCodec.java:200)
at org.openqa.selenium.remote.codec.w3c.W3CHttpResponseCodec.decode(W3CHttpResponseCodec.java:133)
at org.openqa.selenium.remote.codec.w3c.W3CHttpResponseCodec.decode(W3CHttpResponseCodec.java:52)
at org.openqa.selenium.remote.HttpCommandExecutor.execute(HttpCommandExecutor.java:191)
at org.openqa.selenium.remote.service.DriverCommandExecutor.invokeExecute(DriverCommandExecutor.java:196)
at org.openqa.selenium.remote.service.DriverCommandExecutor.execute(DriverCommandExecutor.java:171)
at org.openqa.selenium.remote.RemoteWebDriver.execute(RemoteWebDriver.java:518)
at org.openqa.selenium.remote.RemoteWebDriver.get(RemoteWebDriver.java:300)
at com.bixi.GenericUtilitls.BaseClass_Sample.config_BM(BaseClass_Sample.java:66)
at java.base/java.util.ArrayList.forEach(ArrayList.java:1511)
at java.base/java.util.concurrent.FutureTask.run(FutureTask.java:264)
at java.base/java.util.concurrent.ThreadPoolExecutor.runWorker(ThreadPoolExecutor.java:1136)
at java.base/java.util.concurrent.ThreadPoolExecutor$Worker.run(ThreadPoolExecutor.java:635)
at java.base/java.lang.Thread.run(Thread.java:833)
... Removed 26 stack frames]]>
    </failure>
  </testcase> <!-- @BeforeMethod config_BM -->
  <testcase classname="com.bixi.GenericUtilitls.BaseClass_Sample" name="@AfterMethod config_AM" time="0.0">
    <skipped/>
  </testcase> <!-- @AfterMethod config_AM -->
  <testcase classname="com.bixi.GenericUtilitls.BaseClass_Sample" name="@BeforeMethod config_BM" time="0.0">
    <skipped/>
  </testcase> <!-- @BeforeMethod config_BM -->
  <testcase classname="com.bixi.GenericUtilitls.BaseClass_Sample" name="@AfterMethod config_AM" time="0.0">
    <skipped/>
  </testcase> <!-- @AfterMethod config_AM -->
  <testcase classname="com.bixi.GenericUtilitls.BaseClass_Sample" name="@BeforeMethod config_BM" time="0.0">
    <skipped/>
  </testcase> <!-- @BeforeMethod config_BM -->
  <testcase classname="com.bixi.GenericUtilitls.BaseClass_Sample" name="@AfterMethod config_AM" time="0.0">
    <skipped/>
  </testcase> <!-- @AfterMethod config_AM -->
  <testcase classname="com.bixi.GenericUtilitls.BaseClass_Sample" name="@AfterClass config_AC" time="0.0">
    <skipped/>
  </testcase> <!-- @AfterClass config_AC -->
  <testcase classname="com.bixi.GenericUtilitls.BaseClass_Sample" name="staffLogin" time="0.0">
    <skipped/>
  </testcase> <!-- staffLogin -->
  <testcase classname="practiceTestNG.Demo" name="m1" time="0.0">
    <skipped/>
  </testcase> <!-- m1 -->
  <testcase classname="practiceTestNG.Demo" name="n1" time="0.0">
    <skipped/>
  </testcase> <!-- n1 -->
  <testcase classname="com.bixi.GenericUtilitls.BaseClass_Sample" name="staffLogin" time="0.0">
    <skipped/>
  </testcase> <!-- staffLogin -->
  <testcase classname="practiceTestNG.Sample" name="s1" time="0.0">
    <skipped/>
  </testcase> <!-- s1 -->
  <testcase classname="practiceTestNG.Sample" name="s2" time="0.0">
    <skipped/>
  </testcase> <!-- s2 -->
  <testcase classname="com.bixi.GenericUtilitls.BaseClass_Sample" name="@BeforeSuite config_BS" time="0.0">
    <ignored/>
  </testcase> <!-- @BeforeSuite config_BS -->
  <testcase classname="com.bixi.GenericUtilitls.BaseClass_Sample" name="@AfterSuite config_AS" time="0.0">
    <ignored/>
  </testcase> <!-- @AfterSuite config_AS -->
</testsuite> <!-- Test-Runner=2 -->
