<?xml version="1.0" encoding="UTF-8"?>
<!-- Generated by org.testng.reporters.JUnitReportReporter -->
<testsuite hostname="LAPTOP-C7UG29DH" failures="0" tests="9" name="dataproviderProvider.DataproviderWithAnotherClass" time="0.037" errors="0" timestamp="2023-11-21T09:57:50 IST" skipped="0">
  <testcase classname="dataproviderProvider.DataproviderWithAnotherClass" name="fetchDataFromExcelWithTheConceptOfDataprovider" time="0.004"/>
  <system-out/>
  <testcase classname="dataproviderProvider.DataproviderWithAnotherClass" name="fetchDataFromExcelWithTheConceptOfDataprovider" time="0.002"/>
  <system-out/>
  <testcase classname="dataproviderProvider.DataproviderWithAnotherClass" name="fetchDataFromExcelWithTheConceptOfDataprovider" time="0.016"/>
  <system-out/>
  <testcase classname="dataproviderProvider.DataproviderWithAnotherClass" name="fetchDataFromExcelWithTheConceptOfDataprovider" time="0.003"/>
  <system-out/>
  <testcase classname="dataproviderProvider.DataproviderWithAnotherClass" name="fetchDataFromExcelWithTheConceptOfDataprovider" time="0.002"/>
  <system-out/>
  <testcase classname="dataproviderProvider.DataproviderWithAnotherClass" name="fetchDataFromExcelWithTheConceptOfDataprovider" time="0.002"/>
  <system-out/>
  <testcase classname="dataproviderProvider.DataproviderWithAnotherClass" name="fetchDataFromExcelWithTheConceptOfDataprovider" time="0.003"/>
  <system-out/>
  <testcase classname="dataproviderProvider.DataproviderWithAnotherClass" name="fetchDataFromExcelWithTheConceptOfDataprovider" time="0.002"/>
  <system-out/>
  <testcase classname="dataproviderProvider.DataproviderWithAnotherClass" name="fetchDataFromExcelWithTheConceptOfDataprovider" time="0.003"/>
  <system-out/>
</testsuite> <!-- dataproviderProvider.DataproviderWithAnotherClass -->
