<?xml version="1.0" encoding="UTF-8"?>
<!-- Generated by org.testng.reporters.JUnitReportReporter -->
<testsuite hostname="LAPTOP-C7UG29DH" failures="0" tests="1" name="practicepackage.testTest" time="0.011" errors="0" timestamp="2023-11-10T13:06:57 IST" skipped="0">
  <testcase classname="practicepackage.testTest" name="f" time="0.011"/>
  <system-out/>
</testsuite> <!-- practicepackage.testTest -->
