<?xml version="1.0" encoding="UTF-8"?>
<!-- Generated by org.testng.reporters.JUnitReportReporter -->
<testsuite hostname="LAPTOP-C7UG29DH" failures="0" tests="2" name="dataproviderProvider.ExecuteDpTest" time="0.010" errors="0" timestamp="2023-11-20T17:05:55 IST" skipped="0">
  <testcase classname="dataproviderProvider.ExecuteDpTest" name="execute" time="0.009"/>
  <system-out/>
  <testcase classname="dataproviderProvider.ExecuteDpTest" name="execute" time="0.001"/>
  <system-out/>
</testsuite> <!-- dataproviderProvider.ExecuteDpTest -->
