<?xml version="1.0" encoding="UTF-8"?>
<!-- Generated by org.testng.reporters.JUnitReportReporter -->
<testsuite hostname="LAPTOP-C7UG29DH" failures="0" tests="2" name="dataproviderProvider.SampleDemoAnnotationExecution" time="0.010" errors="0" timestamp="2023-11-20T23:19:00 IST" skipped="0">
  <testcase classname="dataproviderProvider.SampleDemoAnnotationExecution" name="testscript2" time="0.003"/>
  <system-out/>
  <testcase classname="dataproviderProvider.SampleDemoAnnotationExecution" name="executesample" time="0.007"/>
  <system-out/>
</testsuite> <!-- dataproviderProvider.SampleDemoAnnotationExecution -->
