<?xml version="1.0" encoding="UTF-8"?>
<!-- Generated by org.testng.reporters.JUnitReportReporter -->
<testsuite hostname="LAPTOP-C7UG29DH" failures="0" tests="3" name="dataproviderProvider.AnnotationScenarioBasedQuestion" time="0.021" errors="0" timestamp="2023-11-20T23:19:29 IST" skipped="0">
  <testcase classname="dataproviderProvider.AnnotationScenarioBasedQuestion" name="testscript3" time="0.004"/>
  <system-out/>
  <testcase classname="dataproviderProvider.AnnotationScenarioBasedQuestion" name="testscript1" time="0.010"/>
  <system-out/>
  <testcase classname="dataproviderProvider.AnnotationScenarioBasedQuestion" name="testscript2" time="0.007"/>
  <system-out/>
</testsuite> <!-- dataproviderProvider.AnnotationScenarioBasedQuestion -->
