<?xml version="1.0" encoding="UTF-8"?>
<!-- Generated by org.testng.reporters.JUnitReportReporter -->
<testsuite hostname="LAPTOP-C7UG29DH" failures="0" tests="1" name="Bixi.InternetBankingRegister.TC5_RegisterForIBInAnotherTabTest" time="12.899" errors="0" timestamp="2023-11-23T16:48:06 IST" skipped="0">
  <testcase classname="Bixi.InternetBankingRegister.TC5_RegisterForIBInAnotherTabTest" name="ib_registerInAnotherTab" time="12.899"/>
  <system-out/>
</testsuite> <!-- Bixi.InternetBankingRegister.TC5_RegisterForIBInAnotherTabTest -->
