<?xml version="1.0" encoding="UTF-8"?>
<!-- Generated by org.testng.reporters.JUnitReportReporter -->
<testsuite hostname="LAPTOP-C7UG29DH" failures="0" tests="2" name="practicepackage.FetchTheDataThroughMavenCommond" time="0.011" errors="0" timestamp="2023-11-10T16:16:59 IST" skipped="0">
  <testcase classname="practicepackage.FetchTheDataThroughMavenCommond" name="readdata2" time="0.002"/>
  <system-out/>
  <testcase classname="practicepackage.FetchTheDataThroughMavenCommond" name="readdata" time="0.009"/>
  <system-out/>
</testsuite> <!-- practicepackage.FetchTheDataThroughMavenCommond -->
