<?xml version="1.0" encoding="UTF-8"?>
<!-- Generated by org.testng.reporters.JUnitReportReporter -->
<testsuite hostname="LAPTOP-C7UG29DH" failures="0" tests="1" name="com.bixi.GenericUtilitls.BaseClass" time="2.688" errors="0" timestamp="2023-11-21T16:17:20 IST" skipped="0">
  <testcase classname="com.bixi.GenericUtilitls.BaseClass" name="staffLogin" time="2.688"/>
  <system-out/>
</testsuite> <!-- com.bixi.GenericUtilitls.BaseClass -->
