<?xml version="1.0" encoding="UTF-8"?>
<!-- Generated by org.testng.reporters.JUnitReportReporter -->
<testsuite hostname="LAPTOP-C7UG29DH" failures="0" tests="1" name="Bixi.InternetBankingRegister.TC003_RegisterForInternetBankingSmokeTest" time="16.396" errors="0" timestamp="2023-11-23T13:11:37 IST" skipped="0">
  <testcase classname="Bixi.InternetBankingRegister.TC003_RegisterForInternetBankingSmokeTest" name="register_for_IB" time="16.396"/>
  <system-out/>
</testsuite> <!-- Bixi.InternetBankingRegister.TC003_RegisterForInternetBankingSmokeTest -->
