<?xml version="1.0" encoding="UTF-8"?>
<!-- Generated by org.testng.reporters.JUnitReportReporter -->
<testsuite hostname="LAPTOP-C7UG29DH" failures="0" tests="2" name="PracticeTestNG" time="0.011" errors="0" timestamp="2023-11-20T12:11:09 IST" skipped="0">
  <testcase classname="PracticeTestNG" name="edit" time="0.002"/>
  <system-out/>
  <testcase classname="PracticeTestNG" name="delete" time="0.009"/>
  <system-out/>
</testsuite> <!-- PracticeTestNG -->
