<?xml version="1.0" encoding="UTF-8"?>
<!-- Generated by org.testng.reporters.JUnitReportReporter -->
<testsuite hostname="LAPTOP-C7UG29DH" failures="0" tests="2" name="practiceTestNG.ExampleTestNG" time="0.013" errors="0" timestamp="2023-11-20T12:35:20 IST" skipped="0">
  <testcase classname="practiceTestNG.ExampleTestNG" name="edit" time="0.011"/>
  <system-out/>
  <testcase classname="practiceTestNG.ExampleTestNG" name="create" time="0.002"/>
  <system-out/>
</testsuite> <!-- practiceTestNG.ExampleTestNG -->
